Nov 05 09:35:08 DESKTOP-O0A5DKT kernel: misc dxg: dxgk: dxgkio_is_feature_enabled: Ioctl failed: -22
2025-11-05T09:38:05+05:30 [ALERT] Nov 05 09:35:08 DESKTOP-O0A5DKT kernel: misc dxg: dxgk: dxgkio_is_feature_enabled: Ioctl failed: -22
Nov 05 09:35:08 DESKTOP-O0A5DKT kernel: misc dxg: dxgk: dxgkio_query_adapter_info: Ioctl failed: -22
2025-11-05T09:38:05+05:30 [ALERT] Nov 05 09:35:08 DESKTOP-O0A5DKT kernel: misc dxg: dxgk: dxgkio_query_adapter_info: Ioctl failed: -22
Nov 05 09:35:08 DESKTOP-O0A5DKT kernel: misc dxg: dxgk: dxgkio_query_adapter_info: Ioctl failed: -22
2025-11-05T09:38:05+05:30 [ALERT] Nov 05 09:35:08 DESKTOP-O0A5DKT kernel: misc dxg: dxgk: dxgkio_query_adapter_info: Ioctl failed: -22
Nov 05 09:35:08 DESKTOP-O0A5DKT kernel: misc dxg: dxgk: dxgkio_query_adapter_info: Ioctl failed: -22
2025-11-05T09:38:05+05:30 [ALERT] Nov 05 09:35:08 DESKTOP-O0A5DKT kernel: misc dxg: dxgk: dxgkio_query_adapter_info: Ioctl failed: -22
Nov 05 09:35:08 DESKTOP-O0A5DKT kernel: misc dxg: dxgk: dxgkio_query_adapter_info: Ioctl failed: -2
2025-11-05T09:38:05+05:30 [ALERT] Nov 05 09:35:08 DESKTOP-O0A5DKT kernel: misc dxg: dxgk: dxgkio_query_adapter_info: Ioctl failed: -2
Nov 05 09:35:08 DESKTOP-O0A5DKT unknown: Failed to connect to bus: No such file or directory
2025-11-05T09:38:05+05:30 [ALERT] Nov 05 09:35:08 DESKTOP-O0A5DKT unknown: Failed to connect to bus: No such file or directory
Nov 05 09:35:08 DESKTOP-O0A5DKT unknown: Failed to connect to bus: No such file or directory
2025-11-05T09:38:05+05:30 [ALERT] Nov 05 09:35:08 DESKTOP-O0A5DKT unknown: Failed to connect to bus: No such file or directory
Nov 05 09:35:11 DESKTOP-O0A5DKT udisksd[314]: failed to load module mdraid: libbd_mdraid.so.2: cannot open shared object file: No such file or directory
2025-11-05T09:38:05+05:30 [ALERT] Nov 05 09:35:11 DESKTOP-O0A5DKT udisksd[314]: failed to load module mdraid: libbd_mdraid.so.2: cannot open shared object file: No such file or directory
Nov 05 09:35:11 DESKTOP-O0A5DKT udisksd[314]: Failed to load the 'mdraid' libblockdev plugin
2025-11-05T09:38:05+05:30 [ALERT] Nov 05 09:35:11 DESKTOP-O0A5DKT udisksd[314]: Failed to load the 'mdraid' libblockdev plugin
Nov 05 09:35:51 DESKTOP-O0A5DKT unknown: WSL (218) ERROR: CheckConnection: getaddrinfo() failed: -5
2025-11-05T09:38:05+05:30 [ALERT] Nov 05 09:35:51 DESKTOP-O0A5DKT unknown: WSL (218) ERROR: CheckConnection: getaddrinfo() failed: -5
Nov 05 09:43:25 DESKTOP-O0A5DKT unknown: WSL (218) ERROR: CheckConnection: getaddrinfo() failed: -5
2025-11-05T09:43:25+05:30 [ALERT] Nov 05 09:43:25 DESKTOP-O0A5DKT unknown: WSL (218) ERROR: CheckConnection: getaddrinfo() failed: -5
Nov 05 09:44:49 DESKTOP-O0A5DKT systemd[1]: snap.lxd.activate.service: Main process exited, code=killed, status=15/TERM
2025-11-05T09:44:49+05:30 [ALERT] Nov 05 09:44:49 DESKTOP-O0A5DKT systemd[1]: snap.lxd.activate.service: Main process exited, code=killed, status=15/TERM
Nov 05 09:44:49 DESKTOP-O0A5DKT systemd[1]: snap.lxd.activate.service: Failed with result 'signal'.
2025-11-05T09:44:49+05:30 [ALERT] Nov 05 09:44:49 DESKTOP-O0A5DKT systemd[1]: snap.lxd.activate.service: Failed with result 'signal'.
Nov 05 09:46:22 DESKTOP-O0A5DKT systemd[1]: snapd.service: Main process exited, code=killed, status=9/KILL
2025-11-05T09:46:22+05:30 [ALERT] Nov 05 09:46:22 DESKTOP-O0A5DKT systemd[1]: snapd.service: Main process exited, code=killed, status=9/KILL
Nov 05 09:46:22 DESKTOP-O0A5DKT systemd[1]: snapd.service: Failed with result 'timeout'.
2025-11-05T09:46:22+05:30 [ALERT] Nov 05 09:46:22 DESKTOP-O0A5DKT systemd[1]: snapd.service: Failed with result 'timeout'.
Nov 05 09:46:23 DESKTOP-O0A5DKT systemd[1]: snapd.seeded.service: Main process exited, code=killed, status=15/TERM
2025-11-05T09:46:23+05:30 [ALERT] Nov 05 09:46:23 DESKTOP-O0A5DKT systemd[1]: snapd.seeded.service: Main process exited, code=killed, status=15/TERM
Nov 05 09:46:23 DESKTOP-O0A5DKT systemd[1]: snapd.seeded.service: Failed with result 'signal'.
2025-11-05T09:46:23+05:30 [ALERT] Nov 05 09:46:23 DESKTOP-O0A5DKT systemd[1]: snapd.seeded.service: Failed with result 'signal'.
Nov 05 09:46:23 DESKTOP-O0A5DKT systemd[1]: snapd.failure.service: Failed with result 'exit-code'.
2025-11-05T09:46:23+05:30 [ALERT] Nov 05 09:46:23 DESKTOP-O0A5DKT systemd[1]: snapd.failure.service: Failed with result 'exit-code'.
Nov 05 09:46:23 DESKTOP-O0A5DKT systemd[1]: Failed to start Failure handling of the snapd snap.
2025-11-05T09:46:23+05:30 [ALERT] Nov 05 09:46:23 DESKTOP-O0A5DKT systemd[1]: Failed to start Failure handling of the snapd snap.
2025-11-05T10:06:35+05:30 [INFO] Starting log watcher with priority: warning
Nov 05 10:05:57 DESKTOP-O0A5DKT kernel: misc dxg: dxgk: dxgkio_is_feature_enabled: Ioctl failed: -22
2025-11-05T10:06:36+05:30 [ALERT] Nov 05 10:05:57 DESKTOP-O0A5DKT kernel: misc dxg: dxgk: dxgkio_is_feature_enabled: Ioctl failed: -22
Nov 05 10:05:57 DESKTOP-O0A5DKT kernel: misc dxg: dxgk: dxgkio_query_adapter_info: Ioctl failed: -22
2025-11-05T10:06:36+05:30 [ALERT] Nov 05 10:05:57 DESKTOP-O0A5DKT kernel: misc dxg: dxgk: dxgkio_query_adapter_info: Ioctl failed: -22
Nov 05 10:05:57 DESKTOP-O0A5DKT kernel: misc dxg: dxgk: dxgkio_query_adapter_info: Ioctl failed: -22
2025-11-05T10:06:36+05:30 [ALERT] Nov 05 10:05:57 DESKTOP-O0A5DKT kernel: misc dxg: dxgk: dxgkio_query_adapter_info: Ioctl failed: -22
Nov 05 10:05:57 DESKTOP-O0A5DKT kernel: misc dxg: dxgk: dxgkio_query_adapter_info: Ioctl failed: -22
2025-11-05T10:06:36+05:30 [ALERT] Nov 05 10:05:57 DESKTOP-O0A5DKT kernel: misc dxg: dxgk: dxgkio_query_adapter_info: Ioctl failed: -22
Nov 05 10:05:57 DESKTOP-O0A5DKT kernel: misc dxg: dxgk: dxgkio_query_adapter_info: Ioctl failed: -2
2025-11-05T10:06:36+05:30 [ALERT] Nov 05 10:05:57 DESKTOP-O0A5DKT kernel: misc dxg: dxgk: dxgkio_query_adapter_info: Ioctl failed: -2
Nov 05 10:05:57 DESKTOP-O0A5DKT unknown: Failed to connect to bus: No such file or directory
2025-11-05T10:06:36+05:30 [ALERT] Nov 05 10:05:57 DESKTOP-O0A5DKT unknown: Failed to connect to bus: No such file or directory
Nov 05 10:05:59 DESKTOP-O0A5DKT udisksd[336]: failed to load module mdraid: libbd_mdraid.so.2: cannot open shared object file: No such file or directory
2025-11-05T10:06:36+05:30 [ALERT] Nov 05 10:05:59 DESKTOP-O0A5DKT udisksd[336]: failed to load module mdraid: libbd_mdraid.so.2: cannot open shared object file: No such file or directory
Nov 05 10:05:59 DESKTOP-O0A5DKT udisksd[336]: Failed to load the 'mdraid' libblockdev plugin
2025-11-05T10:06:36+05:30 [ALERT] Nov 05 10:05:59 DESKTOP-O0A5DKT udisksd[336]: Failed to load the 'mdraid' libblockdev plugin
